<?xml version="1.0" encoding="utf-8"?><testsuites><testsuite name="pytest" errors="0" failures="3" skipped="0" tests="6" time="201.603" timestamp="2024-06-14T07:01:32.603115" hostname="fa5a149ac6e6"><testcase classname="test_public_mip.TestPublicMIP" name="test_login_and_accept_terms[https://hbpmip.link/]" time="46.759" /><testcase classname="test_public_mip.TestPublicMIP" name="test_data[https://hbpmip.link/]" time="20.116"><failure message="selenium.common.exceptions.NoSuchElementException: Message: no such element: Unable to locate element: {&quot;method&quot;:&quot;xpath&quot;,&quot;selector&quot;:&quot;//div[@id='pathology-select']/div/button&quot;}&#10;  (Session info: chrome-headless-shell=126.0.6478.61); For documentation on this error, please visit: https://www.selenium.dev/documentation/webdriver/troubleshooting/errors#no-such-element-exception&#10;Stacktrace:&#10;#0 0x5620de3686aa &lt;unknown&gt;&#10;#1 0x5620de04b0dc &lt;unknown&gt;&#10;#2 0x5620de097931 &lt;unknown&gt;&#10;#3 0x5620de097a21 &lt;unknown&gt;&#10;#4 0x5620de0dc234 &lt;unknown&gt;&#10;#5 0x5620de0ba89d &lt;unknown&gt;&#10;#6 0x5620de0d95c3 &lt;unknown&gt;&#10;#7 0x5620de0ba613 &lt;unknown&gt;&#10;#8 0x5620de08a4f7 &lt;unknown&gt;&#10;#9 0x5620de08ae4e &lt;unknown&gt;&#10;#10 0x5620de32e87b &lt;unknown&gt;&#10;#11 0x5620de332921 &lt;unknown&gt;&#10;#12 0x5620de31a36e &lt;unknown&gt;&#10;#13 0x5620de333482 &lt;unknown&gt;&#10;#14 0x5620de2feccf &lt;unknown&gt;&#10;#15 0x5620de3580a8 &lt;unknown&gt;&#10;#16 0x5620de358280 &lt;unknown&gt;&#10;#17 0x5620de3677dc &lt;unknown&gt;&#10;#18 0x7fded1ca9134 &lt;unknown&gt;">self = &lt;test_public_mip.TestPublicMIP object at 0x7f00d9000cd0&gt;

    def test_data(self):
        """Integration tests (data) of the public MIP."""
&gt;       super().test_data()

test_public_mip.py:24: 
_ _ _ _ _ _ _ _ _ _ _ _ _ _ _ _ _ _ _ _ _ _ _ _ _ _ _ _ _ _ _ _ _ _ _ _ _ _ _ _ 
basetest.py:63: in test_data
    dementia = selenium_driver.find_element(
/usr/local/lib/python3.9/site-packages/selenium/webdriver/remote/webdriver.py:739: in find_element
    return self.execute(Command.FIND_ELEMENT, {"using": by, "value": value})["value"]
/usr/local/lib/python3.9/site-packages/selenium/webdriver/remote/webdriver.py:345: in execute
    self.error_handler.check_response(response)
_ _ _ _ _ _ _ _ _ _ _ _ _ _ _ _ _ _ _ _ _ _ _ _ _ _ _ _ _ _ _ _ _ _ _ _ _ _ _ _ 

self = &lt;selenium.webdriver.remote.errorhandler.ErrorHandler object at 0x7f00d9cc0730&gt;
response = {'status': 404, 'value': '{"value":{"error":"no such element","message":"no such element: Unable to locate element: {\...\\n#16 0x5620de358280 \\u003Cunknown&gt;\\n#17 0x5620de3677dc \\u003Cunknown&gt;\\n#18 0x7fded1ca9134 \\u003Cunknown&gt;\\n"}}'}

    def check_response(self, response: Dict[str, Any]) -&gt; None:
        """Checks that a JSON response from the WebDriver does not have an
        error.
    
        :Args:
         - response - The JSON response from the WebDriver server as a dictionary
           object.
    
        :Raises: If the response contains an error message.
        """
        status = response.get("status", None)
        if not status or status == ErrorCode.SUCCESS:
            return
        value = None
        message = response.get("message", "")
        screen: str = response.get("screen", "")
        stacktrace = None
        if isinstance(status, int):
            value_json = response.get("value", None)
            if value_json and isinstance(value_json, str):
                import json
    
                try:
                    value = json.loads(value_json)
                    if len(value) == 1:
                        value = value["value"]
                    status = value.get("error", None)
                    if not status:
                        status = value.get("status", ErrorCode.UNKNOWN_ERROR)
                        message = value.get("value") or value.get("message")
                        if not isinstance(message, str):
                            value = message
                            message = message.get("message")
                    else:
                        message = value.get("message", None)
                except ValueError:
                    pass
    
        exception_class: Type[WebDriverException]
        e = ErrorCode()
        error_codes = [item for item in dir(e) if not item.startswith("__")]
        for error_code in error_codes:
            error_info = getattr(ErrorCode, error_code)
            if isinstance(error_info, list) and status in error_info:
                exception_class = getattr(ExceptionMapping, error_code, WebDriverException)
                break
        else:
            exception_class = WebDriverException
    
        if not value:
            value = response["value"]
        if isinstance(value, str):
            raise exception_class(value)
        if message == "" and "message" in value:
            message = value["message"]
    
        screen = None  # type: ignore[assignment]
        if "screen" in value:
            screen = value["screen"]
    
        stacktrace = None
        st_value = value.get("stackTrace") or value.get("stacktrace")
        if st_value:
            if isinstance(st_value, str):
                stacktrace = st_value.split("\n")
            else:
                stacktrace = []
                try:
                    for frame in st_value:
                        line = frame.get("lineNumber", "")
                        file = frame.get("fileName", "&lt;anonymous&gt;")
                        if line:
                            file = f"{file}:{line}"
                        meth = frame.get("methodName", "&lt;anonymous&gt;")
                        if "className" in frame:
                            meth = f"{frame['className']}.{meth}"
                        msg = "    at %s (%s)"
                        msg = msg % (meth, file)
                        stacktrace.append(msg)
                except TypeError:
                    pass
        if exception_class == UnexpectedAlertPresentException:
            alert_text = None
            if "data" in value:
                alert_text = value["data"].get("text")
            elif "alert" in value:
                alert_text = value["alert"].get("text")
            raise exception_class(message, screen, stacktrace, alert_text)  # type: ignore[call-arg]  # mypy is not smart enough here
&gt;       raise exception_class(message, screen, stacktrace)
E       selenium.common.exceptions.NoSuchElementException: Message: no such element: Unable to locate element: {"method":"xpath","selector":"//div[@id='pathology-select']/div/button"}
E         (Session info: chrome-headless-shell=126.0.6478.61); For documentation on this error, please visit: https://www.selenium.dev/documentation/webdriver/troubleshooting/errors#no-such-element-exception
E       Stacktrace:
E       #0 0x5620de3686aa &lt;unknown&gt;
E       #1 0x5620de04b0dc &lt;unknown&gt;
E       #2 0x5620de097931 &lt;unknown&gt;
E       #3 0x5620de097a21 &lt;unknown&gt;
E       #4 0x5620de0dc234 &lt;unknown&gt;
E       #5 0x5620de0ba89d &lt;unknown&gt;
E       #6 0x5620de0d95c3 &lt;unknown&gt;
E       #7 0x5620de0ba613 &lt;unknown&gt;
E       #8 0x5620de08a4f7 &lt;unknown&gt;
E       #9 0x5620de08ae4e &lt;unknown&gt;
E       #10 0x5620de32e87b &lt;unknown&gt;
E       #11 0x5620de332921 &lt;unknown&gt;
E       #12 0x5620de31a36e &lt;unknown&gt;
E       #13 0x5620de333482 &lt;unknown&gt;
E       #14 0x5620de2feccf &lt;unknown&gt;
E       #15 0x5620de3580a8 &lt;unknown&gt;
E       #16 0x5620de358280 &lt;unknown&gt;
E       #17 0x5620de3677dc &lt;unknown&gt;
E       #18 0x7fded1ca9134 &lt;unknown&gt;

/usr/local/lib/python3.9/site-packages/selenium/webdriver/remote/errorhandler.py:229: NoSuchElementException</failure></testcase><testcase classname="test_qa_federation.TestMIPQAFederation" name="test_login_and_accept_terms[https://qa.hbpmip.link/]" time="46.588" /><testcase classname="test_qa_federation.TestMIPQAFederation" name="test_data[https://qa.hbpmip.link/]" time="20.121"><failure message="selenium.common.exceptions.NoSuchElementException: Message: no such element: Unable to locate element: {&quot;method&quot;:&quot;xpath&quot;,&quot;selector&quot;:&quot;//div[@id='pathology-select']/div/button&quot;}&#10;  (Session info: chrome-headless-shell=126.0.6478.61); For documentation on this error, please visit: https://www.selenium.dev/documentation/webdriver/troubleshooting/errors#no-such-element-exception&#10;Stacktrace:&#10;#0 0x55aa8c9b06aa &lt;unknown&gt;&#10;#1 0x55aa8c6930dc &lt;unknown&gt;&#10;#2 0x55aa8c6df931 &lt;unknown&gt;&#10;#3 0x55aa8c6dfa21 &lt;unknown&gt;&#10;#4 0x55aa8c724234 &lt;unknown&gt;&#10;#5 0x55aa8c70289d &lt;unknown&gt;&#10;#6 0x55aa8c7215c3 &lt;unknown&gt;&#10;#7 0x55aa8c702613 &lt;unknown&gt;&#10;#8 0x55aa8c6d24f7 &lt;unknown&gt;&#10;#9 0x55aa8c6d2e4e &lt;unknown&gt;&#10;#10 0x55aa8c97687b &lt;unknown&gt;&#10;#11 0x55aa8c97a921 &lt;unknown&gt;&#10;#12 0x55aa8c96236e &lt;unknown&gt;&#10;#13 0x55aa8c97b482 &lt;unknown&gt;&#10;#14 0x55aa8c946ccf &lt;unknown&gt;&#10;#15 0x55aa8c9a00a8 &lt;unknown&gt;&#10;#16 0x55aa8c9a0280 &lt;unknown&gt;&#10;#17 0x55aa8c9af7dc &lt;unknown&gt;&#10;#18 0x7f23cec27134 &lt;unknown&gt;">self = &lt;test_qa_federation.TestMIPQAFederation object at 0x7f00d9018490&gt;

    def test_data(self):
        """Integration tests (data) of the MIP QA Federation."""
&gt;       super().test_data()

test_qa_federation.py:24: 
_ _ _ _ _ _ _ _ _ _ _ _ _ _ _ _ _ _ _ _ _ _ _ _ _ _ _ _ _ _ _ _ _ _ _ _ _ _ _ _ 
basetest.py:63: in test_data
    dementia = selenium_driver.find_element(
/usr/local/lib/python3.9/site-packages/selenium/webdriver/remote/webdriver.py:739: in find_element
    return self.execute(Command.FIND_ELEMENT, {"using": by, "value": value})["value"]
/usr/local/lib/python3.9/site-packages/selenium/webdriver/remote/webdriver.py:345: in execute
    self.error_handler.check_response(response)
_ _ _ _ _ _ _ _ _ _ _ _ _ _ _ _ _ _ _ _ _ _ _ _ _ _ _ _ _ _ _ _ _ _ _ _ _ _ _ _ 

self = &lt;selenium.webdriver.remote.errorhandler.ErrorHandler object at 0x7f00da0229a0&gt;
response = {'status': 404, 'value': '{"value":{"error":"no such element","message":"no such element: Unable to locate element: {\...\\n#16 0x55aa8c9a0280 \\u003Cunknown&gt;\\n#17 0x55aa8c9af7dc \\u003Cunknown&gt;\\n#18 0x7f23cec27134 \\u003Cunknown&gt;\\n"}}'}

    def check_response(self, response: Dict[str, Any]) -&gt; None:
        """Checks that a JSON response from the WebDriver does not have an
        error.
    
        :Args:
         - response - The JSON response from the WebDriver server as a dictionary
           object.
    
        :Raises: If the response contains an error message.
        """
        status = response.get("status", None)
        if not status or status == ErrorCode.SUCCESS:
            return
        value = None
        message = response.get("message", "")
        screen: str = response.get("screen", "")
        stacktrace = None
        if isinstance(status, int):
            value_json = response.get("value", None)
            if value_json and isinstance(value_json, str):
                import json
    
                try:
                    value = json.loads(value_json)
                    if len(value) == 1:
                        value = value["value"]
                    status = value.get("error", None)
                    if not status:
                        status = value.get("status", ErrorCode.UNKNOWN_ERROR)
                        message = value.get("value") or value.get("message")
                        if not isinstance(message, str):
                            value = message
                            message = message.get("message")
                    else:
                        message = value.get("message", None)
                except ValueError:
                    pass
    
        exception_class: Type[WebDriverException]
        e = ErrorCode()
        error_codes = [item for item in dir(e) if not item.startswith("__")]
        for error_code in error_codes:
            error_info = getattr(ErrorCode, error_code)
            if isinstance(error_info, list) and status in error_info:
                exception_class = getattr(ExceptionMapping, error_code, WebDriverException)
                break
        else:
            exception_class = WebDriverException
    
        if not value:
            value = response["value"]
        if isinstance(value, str):
            raise exception_class(value)
        if message == "" and "message" in value:
            message = value["message"]
    
        screen = None  # type: ignore[assignment]
        if "screen" in value:
            screen = value["screen"]
    
        stacktrace = None
        st_value = value.get("stackTrace") or value.get("stacktrace")
        if st_value:
            if isinstance(st_value, str):
                stacktrace = st_value.split("\n")
            else:
                stacktrace = []
                try:
                    for frame in st_value:
                        line = frame.get("lineNumber", "")
                        file = frame.get("fileName", "&lt;anonymous&gt;")
                        if line:
                            file = f"{file}:{line}"
                        meth = frame.get("methodName", "&lt;anonymous&gt;")
                        if "className" in frame:
                            meth = f"{frame['className']}.{meth}"
                        msg = "    at %s (%s)"
                        msg = msg % (meth, file)
                        stacktrace.append(msg)
                except TypeError:
                    pass
        if exception_class == UnexpectedAlertPresentException:
            alert_text = None
            if "data" in value:
                alert_text = value["data"].get("text")
            elif "alert" in value:
                alert_text = value["alert"].get("text")
            raise exception_class(message, screen, stacktrace, alert_text)  # type: ignore[call-arg]  # mypy is not smart enough here
&gt;       raise exception_class(message, screen, stacktrace)
E       selenium.common.exceptions.NoSuchElementException: Message: no such element: Unable to locate element: {"method":"xpath","selector":"//div[@id='pathology-select']/div/button"}
E         (Session info: chrome-headless-shell=126.0.6478.61); For documentation on this error, please visit: https://www.selenium.dev/documentation/webdriver/troubleshooting/errors#no-such-element-exception
E       Stacktrace:
E       #0 0x55aa8c9b06aa &lt;unknown&gt;
E       #1 0x55aa8c6930dc &lt;unknown&gt;
E       #2 0x55aa8c6df931 &lt;unknown&gt;
E       #3 0x55aa8c6dfa21 &lt;unknown&gt;
E       #4 0x55aa8c724234 &lt;unknown&gt;
E       #5 0x55aa8c70289d &lt;unknown&gt;
E       #6 0x55aa8c7215c3 &lt;unknown&gt;
E       #7 0x55aa8c702613 &lt;unknown&gt;
E       #8 0x55aa8c6d24f7 &lt;unknown&gt;
E       #9 0x55aa8c6d2e4e &lt;unknown&gt;
E       #10 0x55aa8c97687b &lt;unknown&gt;
E       #11 0x55aa8c97a921 &lt;unknown&gt;
E       #12 0x55aa8c96236e &lt;unknown&gt;
E       #13 0x55aa8c97b482 &lt;unknown&gt;
E       #14 0x55aa8c946ccf &lt;unknown&gt;
E       #15 0x55aa8c9a00a8 &lt;unknown&gt;
E       #16 0x55aa8c9a0280 &lt;unknown&gt;
E       #17 0x55aa8c9af7dc &lt;unknown&gt;
E       #18 0x7f23cec27134 &lt;unknown&gt;

/usr/local/lib/python3.9/site-packages/selenium/webdriver/remote/errorhandler.py:229: NoSuchElementException</failure></testcase><testcase classname="test_stroke_federation.TestStrokeMIP" name="test_login_and_accept_terms[https://stroke.hbpmip.link/]" time="47.508" /><testcase classname="test_stroke_federation.TestStrokeMIP" name="test_data[https://stroke.hbpmip.link/]" time="20.092"><failure message="selenium.common.exceptions.NoSuchElementException: Message: no such element: Unable to locate element: {&quot;method&quot;:&quot;css selector&quot;,&quot;selector&quot;:&quot;#dropdown-basic&quot;}&#10;  (Session info: chrome-headless-shell=126.0.6478.61); For documentation on this error, please visit: https://www.selenium.dev/documentation/webdriver/troubleshooting/errors#no-such-element-exception&#10;Stacktrace:&#10;#0 0x55c48540b6aa &lt;unknown&gt;&#10;#1 0x55c4850ee0dc &lt;unknown&gt;&#10;#2 0x55c48513a931 &lt;unknown&gt;&#10;#3 0x55c48513aa21 &lt;unknown&gt;&#10;#4 0x55c48517f234 &lt;unknown&gt;&#10;#5 0x55c48515d89d &lt;unknown&gt;&#10;#6 0x55c48517c5c3 &lt;unknown&gt;&#10;#7 0x55c48515d613 &lt;unknown&gt;&#10;#8 0x55c48512d4f7 &lt;unknown&gt;&#10;#9 0x55c48512de4e &lt;unknown&gt;&#10;#10 0x55c4853d187b &lt;unknown&gt;&#10;#11 0x55c4853d5921 &lt;unknown&gt;&#10;#12 0x55c4853bd36e &lt;unknown&gt;&#10;#13 0x55c4853d6482 &lt;unknown&gt;&#10;#14 0x55c4853a1ccf &lt;unknown&gt;&#10;#15 0x55c4853fb0a8 &lt;unknown&gt;&#10;#16 0x55c4853fb280 &lt;unknown&gt;&#10;#17 0x55c48540a7dc &lt;unknown&gt;&#10;#18 0x7fb0be1c3134 &lt;unknown&gt;">self = &lt;test_stroke_federation.TestStrokeMIP object at 0x7f00d9000670&gt;

    def test_data(self):
        """Integration tests (data) of the Stroke (FERES) MIP."""
        selenium_driver = self.driver
    
        # 1. Click 'Datasets'
&gt;       datasets = selenium_driver.find_element(By.CSS_SELECTOR, "#dropdown-basic")

test_stroke_federation.py:33: 
_ _ _ _ _ _ _ _ _ _ _ _ _ _ _ _ _ _ _ _ _ _ _ _ _ _ _ _ _ _ _ _ _ _ _ _ _ _ _ _ 
/usr/local/lib/python3.9/site-packages/selenium/webdriver/remote/webdriver.py:739: in find_element
    return self.execute(Command.FIND_ELEMENT, {"using": by, "value": value})["value"]
/usr/local/lib/python3.9/site-packages/selenium/webdriver/remote/webdriver.py:345: in execute
    self.error_handler.check_response(response)
_ _ _ _ _ _ _ _ _ _ _ _ _ _ _ _ _ _ _ _ _ _ _ _ _ _ _ _ _ _ _ _ _ _ _ _ _ _ _ _ 

self = &lt;selenium.webdriver.remote.errorhandler.ErrorHandler object at 0x7f00d904e970&gt;
response = {'status': 404, 'value': '{"value":{"error":"no such element","message":"no such element: Unable to locate element: {\...\\n#16 0x55c4853fb280 \\u003Cunknown&gt;\\n#17 0x55c48540a7dc \\u003Cunknown&gt;\\n#18 0x7fb0be1c3134 \\u003Cunknown&gt;\\n"}}'}

    def check_response(self, response: Dict[str, Any]) -&gt; None:
        """Checks that a JSON response from the WebDriver does not have an
        error.
    
        :Args:
         - response - The JSON response from the WebDriver server as a dictionary
           object.
    
        :Raises: If the response contains an error message.
        """
        status = response.get("status", None)
        if not status or status == ErrorCode.SUCCESS:
            return
        value = None
        message = response.get("message", "")
        screen: str = response.get("screen", "")
        stacktrace = None
        if isinstance(status, int):
            value_json = response.get("value", None)
            if value_json and isinstance(value_json, str):
                import json
    
                try:
                    value = json.loads(value_json)
                    if len(value) == 1:
                        value = value["value"]
                    status = value.get("error", None)
                    if not status:
                        status = value.get("status", ErrorCode.UNKNOWN_ERROR)
                        message = value.get("value") or value.get("message")
                        if not isinstance(message, str):
                            value = message
                            message = message.get("message")
                    else:
                        message = value.get("message", None)
                except ValueError:
                    pass
    
        exception_class: Type[WebDriverException]
        e = ErrorCode()
        error_codes = [item for item in dir(e) if not item.startswith("__")]
        for error_code in error_codes:
            error_info = getattr(ErrorCode, error_code)
            if isinstance(error_info, list) and status in error_info:
                exception_class = getattr(ExceptionMapping, error_code, WebDriverException)
                break
        else:
            exception_class = WebDriverException
    
        if not value:
            value = response["value"]
        if isinstance(value, str):
            raise exception_class(value)
        if message == "" and "message" in value:
            message = value["message"]
    
        screen = None  # type: ignore[assignment]
        if "screen" in value:
            screen = value["screen"]
    
        stacktrace = None
        st_value = value.get("stackTrace") or value.get("stacktrace")
        if st_value:
            if isinstance(st_value, str):
                stacktrace = st_value.split("\n")
            else:
                stacktrace = []
                try:
                    for frame in st_value:
                        line = frame.get("lineNumber", "")
                        file = frame.get("fileName", "&lt;anonymous&gt;")
                        if line:
                            file = f"{file}:{line}"
                        meth = frame.get("methodName", "&lt;anonymous&gt;")
                        if "className" in frame:
                            meth = f"{frame['className']}.{meth}"
                        msg = "    at %s (%s)"
                        msg = msg % (meth, file)
                        stacktrace.append(msg)
                except TypeError:
                    pass
        if exception_class == UnexpectedAlertPresentException:
            alert_text = None
            if "data" in value:
                alert_text = value["data"].get("text")
            elif "alert" in value:
                alert_text = value["alert"].get("text")
            raise exception_class(message, screen, stacktrace, alert_text)  # type: ignore[call-arg]  # mypy is not smart enough here
&gt;       raise exception_class(message, screen, stacktrace)
E       selenium.common.exceptions.NoSuchElementException: Message: no such element: Unable to locate element: {"method":"css selector","selector":"#dropdown-basic"}
E         (Session info: chrome-headless-shell=126.0.6478.61); For documentation on this error, please visit: https://www.selenium.dev/documentation/webdriver/troubleshooting/errors#no-such-element-exception
E       Stacktrace:
E       #0 0x55c48540b6aa &lt;unknown&gt;
E       #1 0x55c4850ee0dc &lt;unknown&gt;
E       #2 0x55c48513a931 &lt;unknown&gt;
E       #3 0x55c48513aa21 &lt;unknown&gt;
E       #4 0x55c48517f234 &lt;unknown&gt;
E       #5 0x55c48515d89d &lt;unknown&gt;
E       #6 0x55c48517c5c3 &lt;unknown&gt;
E       #7 0x55c48515d613 &lt;unknown&gt;
E       #8 0x55c48512d4f7 &lt;unknown&gt;
E       #9 0x55c48512de4e &lt;unknown&gt;
E       #10 0x55c4853d187b &lt;unknown&gt;
E       #11 0x55c4853d5921 &lt;unknown&gt;
E       #12 0x55c4853bd36e &lt;unknown&gt;
E       #13 0x55c4853d6482 &lt;unknown&gt;
E       #14 0x55c4853a1ccf &lt;unknown&gt;
E       #15 0x55c4853fb0a8 &lt;unknown&gt;
E       #16 0x55c4853fb280 &lt;unknown&gt;
E       #17 0x55c48540a7dc &lt;unknown&gt;
E       #18 0x7fb0be1c3134 &lt;unknown&gt;

/usr/local/lib/python3.9/site-packages/selenium/webdriver/remote/errorhandler.py:229: NoSuchElementException</failure></testcase></testsuite></testsuites>