<?xml version="1.0" encoding="utf-8"?><testsuites><testsuite name="pytest" errors="0" failures="3" skipped="0" tests="6" time="202.758" timestamp="2024-06-11T06:59:42.363840" hostname="846e45ab6785"><testcase classname="test_public_mip.TestPublicMIP" name="test_login_and_accept_terms[https://hbpmip.link/]" time="47.947" /><testcase classname="test_public_mip.TestPublicMIP" name="test_data[https://hbpmip.link/]" time="20.109"><failure message="selenium.common.exceptions.NoSuchElementException: Message: no such element: Unable to locate element: {&quot;method&quot;:&quot;xpath&quot;,&quot;selector&quot;:&quot;//div[@id='pathology-select']/div/button&quot;}&#10;  (Session info: chrome-headless-shell=124.0.6367.207); For documentation on this error, please visit: https://www.selenium.dev/documentation/webdriver/troubleshooting/errors#no-such-element-exception&#10;Stacktrace:&#10;#0 0x55ed46eabdc3 &lt;unknown&gt;&#10;#1 0x55ed46b9a4e7 &lt;unknown&gt;&#10;#2 0x55ed46be535d &lt;unknown&gt;&#10;#3 0x55ed46be5411 &lt;unknown&gt;&#10;#4 0x55ed46c28774 &lt;unknown&gt;&#10;#5 0x55ed46c0747d &lt;unknown&gt;&#10;#6 0x55ed46c25c29 &lt;unknown&gt;&#10;#7 0x55ed46c071f3 &lt;unknown&gt;&#10;#8 0x55ed46bd828a &lt;unknown&gt;&#10;#9 0x55ed46bd8c5e &lt;unknown&gt;&#10;#10 0x55ed46e700eb &lt;unknown&gt;&#10;#11 0x55ed46e7403b &lt;unknown&gt;&#10;#12 0x55ed46e5c201 &lt;unknown&gt;&#10;#13 0x55ed46e74ba2 &lt;unknown&gt;&#10;#14 0x55ed46e410bf &lt;unknown&gt;&#10;#15 0x55ed46e9af18 &lt;unknown&gt;&#10;#16 0x55ed46e9b0f0 &lt;unknown&gt;&#10;#17 0x55ed46eaaf14 &lt;unknown&gt;&#10;#18 0x7f925a8f9134 &lt;unknown&gt;">self = &lt;test_public_mip.TestPublicMIP object at 0x7f12bde2df10&gt;

    def test_data(self):
        """Integration tests (data) of the public MIP."""
&gt;       super().test_data()

test_public_mip.py:24: 
_ _ _ _ _ _ _ _ _ _ _ _ _ _ _ _ _ _ _ _ _ _ _ _ _ _ _ _ _ _ _ _ _ _ _ _ _ _ _ _ 
basetest.py:63: in test_data
    dementia = selenium_driver.find_element(
/usr/local/lib/python3.9/site-packages/selenium/webdriver/remote/webdriver.py:739: in find_element
    return self.execute(Command.FIND_ELEMENT, {"using": by, "value": value})["value"]
/usr/local/lib/python3.9/site-packages/selenium/webdriver/remote/webdriver.py:345: in execute
    self.error_handler.check_response(response)
_ _ _ _ _ _ _ _ _ _ _ _ _ _ _ _ _ _ _ _ _ _ _ _ _ _ _ _ _ _ _ _ _ _ _ _ _ _ _ _ 

self = &lt;selenium.webdriver.remote.errorhandler.ErrorHandler object at 0x7f12bdbfa940&gt;
response = {'status': 404, 'value': '{"value":{"error":"no such element","message":"no such element: Unable to locate element: {\...\\n#16 0x55ed46e9b0f0 \\u003Cunknown&gt;\\n#17 0x55ed46eaaf14 \\u003Cunknown&gt;\\n#18 0x7f925a8f9134 \\u003Cunknown&gt;\\n"}}'}

    def check_response(self, response: Dict[str, Any]) -&gt; None:
        """Checks that a JSON response from the WebDriver does not have an
        error.
    
        :Args:
         - response - The JSON response from the WebDriver server as a dictionary
           object.
    
        :Raises: If the response contains an error message.
        """
        status = response.get("status", None)
        if not status or status == ErrorCode.SUCCESS:
            return
        value = None
        message = response.get("message", "")
        screen: str = response.get("screen", "")
        stacktrace = None
        if isinstance(status, int):
            value_json = response.get("value", None)
            if value_json and isinstance(value_json, str):
                import json
    
                try:
                    value = json.loads(value_json)
                    if len(value) == 1:
                        value = value["value"]
                    status = value.get("error", None)
                    if not status:
                        status = value.get("status", ErrorCode.UNKNOWN_ERROR)
                        message = value.get("value") or value.get("message")
                        if not isinstance(message, str):
                            value = message
                            message = message.get("message")
                    else:
                        message = value.get("message", None)
                except ValueError:
                    pass
    
        exception_class: Type[WebDriverException]
        e = ErrorCode()
        error_codes = [item for item in dir(e) if not item.startswith("__")]
        for error_code in error_codes:
            error_info = getattr(ErrorCode, error_code)
            if isinstance(error_info, list) and status in error_info:
                exception_class = getattr(ExceptionMapping, error_code, WebDriverException)
                break
        else:
            exception_class = WebDriverException
    
        if not value:
            value = response["value"]
        if isinstance(value, str):
            raise exception_class(value)
        if message == "" and "message" in value:
            message = value["message"]
    
        screen = None  # type: ignore[assignment]
        if "screen" in value:
            screen = value["screen"]
    
        stacktrace = None
        st_value = value.get("stackTrace") or value.get("stacktrace")
        if st_value:
            if isinstance(st_value, str):
                stacktrace = st_value.split("\n")
            else:
                stacktrace = []
                try:
                    for frame in st_value:
                        line = frame.get("lineNumber", "")
                        file = frame.get("fileName", "&lt;anonymous&gt;")
                        if line:
                            file = f"{file}:{line}"
                        meth = frame.get("methodName", "&lt;anonymous&gt;")
                        if "className" in frame:
                            meth = f"{frame['className']}.{meth}"
                        msg = "    at %s (%s)"
                        msg = msg % (meth, file)
                        stacktrace.append(msg)
                except TypeError:
                    pass
        if exception_class == UnexpectedAlertPresentException:
            alert_text = None
            if "data" in value:
                alert_text = value["data"].get("text")
            elif "alert" in value:
                alert_text = value["alert"].get("text")
            raise exception_class(message, screen, stacktrace, alert_text)  # type: ignore[call-arg]  # mypy is not smart enough here
&gt;       raise exception_class(message, screen, stacktrace)
E       selenium.common.exceptions.NoSuchElementException: Message: no such element: Unable to locate element: {"method":"xpath","selector":"//div[@id='pathology-select']/div/button"}
E         (Session info: chrome-headless-shell=124.0.6367.207); For documentation on this error, please visit: https://www.selenium.dev/documentation/webdriver/troubleshooting/errors#no-such-element-exception
E       Stacktrace:
E       #0 0x55ed46eabdc3 &lt;unknown&gt;
E       #1 0x55ed46b9a4e7 &lt;unknown&gt;
E       #2 0x55ed46be535d &lt;unknown&gt;
E       #3 0x55ed46be5411 &lt;unknown&gt;
E       #4 0x55ed46c28774 &lt;unknown&gt;
E       #5 0x55ed46c0747d &lt;unknown&gt;
E       #6 0x55ed46c25c29 &lt;unknown&gt;
E       #7 0x55ed46c071f3 &lt;unknown&gt;
E       #8 0x55ed46bd828a &lt;unknown&gt;
E       #9 0x55ed46bd8c5e &lt;unknown&gt;
E       #10 0x55ed46e700eb &lt;unknown&gt;
E       #11 0x55ed46e7403b &lt;unknown&gt;
E       #12 0x55ed46e5c201 &lt;unknown&gt;
E       #13 0x55ed46e74ba2 &lt;unknown&gt;
E       #14 0x55ed46e410bf &lt;unknown&gt;
E       #15 0x55ed46e9af18 &lt;unknown&gt;
E       #16 0x55ed46e9b0f0 &lt;unknown&gt;
E       #17 0x55ed46eaaf14 &lt;unknown&gt;
E       #18 0x7f925a8f9134 &lt;unknown&gt;

/usr/local/lib/python3.9/site-packages/selenium/webdriver/remote/errorhandler.py:229: NoSuchElementException</failure></testcase><testcase classname="test_qa_federation.TestMIPQAFederation" name="test_login_and_accept_terms[https://qa.hbpmip.link/]" time="46.545" /><testcase classname="test_qa_federation.TestMIPQAFederation" name="test_data[https://qa.hbpmip.link/]" time="20.077"><failure message="selenium.common.exceptions.NoSuchElementException: Message: no such element: Unable to locate element: {&quot;method&quot;:&quot;xpath&quot;,&quot;selector&quot;:&quot;//div[@id='pathology-select']/div/button&quot;}&#10;  (Session info: chrome-headless-shell=124.0.6367.207); For documentation on this error, please visit: https://www.selenium.dev/documentation/webdriver/troubleshooting/errors#no-such-element-exception&#10;Stacktrace:&#10;#0 0x55e974d9adc3 &lt;unknown&gt;&#10;#1 0x55e974a894e7 &lt;unknown&gt;&#10;#2 0x55e974ad435d &lt;unknown&gt;&#10;#3 0x55e974ad4411 &lt;unknown&gt;&#10;#4 0x55e974b17774 &lt;unknown&gt;&#10;#5 0x55e974af647d &lt;unknown&gt;&#10;#6 0x55e974b14c29 &lt;unknown&gt;&#10;#7 0x55e974af61f3 &lt;unknown&gt;&#10;#8 0x55e974ac728a &lt;unknown&gt;&#10;#9 0x55e974ac7c5e &lt;unknown&gt;&#10;#10 0x55e974d5f0eb &lt;unknown&gt;&#10;#11 0x55e974d6303b &lt;unknown&gt;&#10;#12 0x55e974d4b201 &lt;unknown&gt;&#10;#13 0x55e974d63ba2 &lt;unknown&gt;&#10;#14 0x55e974d300bf &lt;unknown&gt;&#10;#15 0x55e974d89f18 &lt;unknown&gt;&#10;#16 0x55e974d8a0f0 &lt;unknown&gt;&#10;#17 0x55e974d99f14 &lt;unknown&gt;&#10;#18 0x7fb90e453134 &lt;unknown&gt;">self = &lt;test_qa_federation.TestMIPQAFederation object at 0x7f12bce21310&gt;

    def test_data(self):
        """Integration tests (data) of the MIP QA Federation."""
&gt;       super().test_data()

test_qa_federation.py:24: 
_ _ _ _ _ _ _ _ _ _ _ _ _ _ _ _ _ _ _ _ _ _ _ _ _ _ _ _ _ _ _ _ _ _ _ _ _ _ _ _ 
basetest.py:63: in test_data
    dementia = selenium_driver.find_element(
/usr/local/lib/python3.9/site-packages/selenium/webdriver/remote/webdriver.py:739: in find_element
    return self.execute(Command.FIND_ELEMENT, {"using": by, "value": value})["value"]
/usr/local/lib/python3.9/site-packages/selenium/webdriver/remote/webdriver.py:345: in execute
    self.error_handler.check_response(response)
_ _ _ _ _ _ _ _ _ _ _ _ _ _ _ _ _ _ _ _ _ _ _ _ _ _ _ _ _ _ _ _ _ _ _ _ _ _ _ _ 

self = &lt;selenium.webdriver.remote.errorhandler.ErrorHandler object at 0x7f12bce6ceb0&gt;
response = {'status': 404, 'value': '{"value":{"error":"no such element","message":"no such element: Unable to locate element: {\...\\n#16 0x55e974d8a0f0 \\u003Cunknown&gt;\\n#17 0x55e974d99f14 \\u003Cunknown&gt;\\n#18 0x7fb90e453134 \\u003Cunknown&gt;\\n"}}'}

    def check_response(self, response: Dict[str, Any]) -&gt; None:
        """Checks that a JSON response from the WebDriver does not have an
        error.
    
        :Args:
         - response - The JSON response from the WebDriver server as a dictionary
           object.
    
        :Raises: If the response contains an error message.
        """
        status = response.get("status", None)
        if not status or status == ErrorCode.SUCCESS:
            return
        value = None
        message = response.get("message", "")
        screen: str = response.get("screen", "")
        stacktrace = None
        if isinstance(status, int):
            value_json = response.get("value", None)
            if value_json and isinstance(value_json, str):
                import json
    
                try:
                    value = json.loads(value_json)
                    if len(value) == 1:
                        value = value["value"]
                    status = value.get("error", None)
                    if not status:
                        status = value.get("status", ErrorCode.UNKNOWN_ERROR)
                        message = value.get("value") or value.get("message")
                        if not isinstance(message, str):
                            value = message
                            message = message.get("message")
                    else:
                        message = value.get("message", None)
                except ValueError:
                    pass
    
        exception_class: Type[WebDriverException]
        e = ErrorCode()
        error_codes = [item for item in dir(e) if not item.startswith("__")]
        for error_code in error_codes:
            error_info = getattr(ErrorCode, error_code)
            if isinstance(error_info, list) and status in error_info:
                exception_class = getattr(ExceptionMapping, error_code, WebDriverException)
                break
        else:
            exception_class = WebDriverException
    
        if not value:
            value = response["value"]
        if isinstance(value, str):
            raise exception_class(value)
        if message == "" and "message" in value:
            message = value["message"]
    
        screen = None  # type: ignore[assignment]
        if "screen" in value:
            screen = value["screen"]
    
        stacktrace = None
        st_value = value.get("stackTrace") or value.get("stacktrace")
        if st_value:
            if isinstance(st_value, str):
                stacktrace = st_value.split("\n")
            else:
                stacktrace = []
                try:
                    for frame in st_value:
                        line = frame.get("lineNumber", "")
                        file = frame.get("fileName", "&lt;anonymous&gt;")
                        if line:
                            file = f"{file}:{line}"
                        meth = frame.get("methodName", "&lt;anonymous&gt;")
                        if "className" in frame:
                            meth = f"{frame['className']}.{meth}"
                        msg = "    at %s (%s)"
                        msg = msg % (meth, file)
                        stacktrace.append(msg)
                except TypeError:
                    pass
        if exception_class == UnexpectedAlertPresentException:
            alert_text = None
            if "data" in value:
                alert_text = value["data"].get("text")
            elif "alert" in value:
                alert_text = value["alert"].get("text")
            raise exception_class(message, screen, stacktrace, alert_text)  # type: ignore[call-arg]  # mypy is not smart enough here
&gt;       raise exception_class(message, screen, stacktrace)
E       selenium.common.exceptions.NoSuchElementException: Message: no such element: Unable to locate element: {"method":"xpath","selector":"//div[@id='pathology-select']/div/button"}
E         (Session info: chrome-headless-shell=124.0.6367.207); For documentation on this error, please visit: https://www.selenium.dev/documentation/webdriver/troubleshooting/errors#no-such-element-exception
E       Stacktrace:
E       #0 0x55e974d9adc3 &lt;unknown&gt;
E       #1 0x55e974a894e7 &lt;unknown&gt;
E       #2 0x55e974ad435d &lt;unknown&gt;
E       #3 0x55e974ad4411 &lt;unknown&gt;
E       #4 0x55e974b17774 &lt;unknown&gt;
E       #5 0x55e974af647d &lt;unknown&gt;
E       #6 0x55e974b14c29 &lt;unknown&gt;
E       #7 0x55e974af61f3 &lt;unknown&gt;
E       #8 0x55e974ac728a &lt;unknown&gt;
E       #9 0x55e974ac7c5e &lt;unknown&gt;
E       #10 0x55e974d5f0eb &lt;unknown&gt;
E       #11 0x55e974d6303b &lt;unknown&gt;
E       #12 0x55e974d4b201 &lt;unknown&gt;
E       #13 0x55e974d63ba2 &lt;unknown&gt;
E       #14 0x55e974d300bf &lt;unknown&gt;
E       #15 0x55e974d89f18 &lt;unknown&gt;
E       #16 0x55e974d8a0f0 &lt;unknown&gt;
E       #17 0x55e974d99f14 &lt;unknown&gt;
E       #18 0x7fb90e453134 &lt;unknown&gt;

/usr/local/lib/python3.9/site-packages/selenium/webdriver/remote/errorhandler.py:229: NoSuchElementException</failure></testcase><testcase classname="test_stroke_federation.TestStrokeMIP" name="test_login_and_accept_terms[https://stroke.hbpmip.link/]" time="47.444" /><testcase classname="test_stroke_federation.TestStrokeMIP" name="test_data[https://stroke.hbpmip.link/]" time="20.124"><failure message="selenium.common.exceptions.NoSuchElementException: Message: no such element: Unable to locate element: {&quot;method&quot;:&quot;css selector&quot;,&quot;selector&quot;:&quot;#dropdown-basic&quot;}&#10;  (Session info: chrome-headless-shell=124.0.6367.207); For documentation on this error, please visit: https://www.selenium.dev/documentation/webdriver/troubleshooting/errors#no-such-element-exception&#10;Stacktrace:&#10;#0 0x556d59430dc3 &lt;unknown&gt;&#10;#1 0x556d5911f4e7 &lt;unknown&gt;&#10;#2 0x556d5916a35d &lt;unknown&gt;&#10;#3 0x556d5916a411 &lt;unknown&gt;&#10;#4 0x556d591ad774 &lt;unknown&gt;&#10;#5 0x556d5918c47d &lt;unknown&gt;&#10;#6 0x556d591aac29 &lt;unknown&gt;&#10;#7 0x556d5918c1f3 &lt;unknown&gt;&#10;#8 0x556d5915d28a &lt;unknown&gt;&#10;#9 0x556d5915dc5e &lt;unknown&gt;&#10;#10 0x556d593f50eb &lt;unknown&gt;&#10;#11 0x556d593f903b &lt;unknown&gt;&#10;#12 0x556d593e1201 &lt;unknown&gt;&#10;#13 0x556d593f9ba2 &lt;unknown&gt;&#10;#14 0x556d593c60bf &lt;unknown&gt;&#10;#15 0x556d5941ff18 &lt;unknown&gt;&#10;#16 0x556d594200f0 &lt;unknown&gt;&#10;#17 0x556d5942ff14 &lt;unknown&gt;&#10;#18 0x7fe2f44d4134 &lt;unknown&gt;">self = &lt;test_stroke_federation.TestStrokeMIP object at 0x7f12bde50670&gt;

    def test_data(self):
        """Integration tests (data) of the Stroke (FERES) MIP."""
        selenium_driver = self.driver
    
        # 1. Click 'Datasets'
&gt;       datasets = selenium_driver.find_element(By.CSS_SELECTOR, "#dropdown-basic")

test_stroke_federation.py:33: 
_ _ _ _ _ _ _ _ _ _ _ _ _ _ _ _ _ _ _ _ _ _ _ _ _ _ _ _ _ _ _ _ _ _ _ _ _ _ _ _ 
/usr/local/lib/python3.9/site-packages/selenium/webdriver/remote/webdriver.py:739: in find_element
    return self.execute(Command.FIND_ELEMENT, {"using": by, "value": value})["value"]
/usr/local/lib/python3.9/site-packages/selenium/webdriver/remote/webdriver.py:345: in execute
    self.error_handler.check_response(response)
_ _ _ _ _ _ _ _ _ _ _ _ _ _ _ _ _ _ _ _ _ _ _ _ _ _ _ _ _ _ _ _ _ _ _ _ _ _ _ _ 

self = &lt;selenium.webdriver.remote.errorhandler.ErrorHandler object at 0x7f12bce0bbb0&gt;
response = {'status': 404, 'value': '{"value":{"error":"no such element","message":"no such element: Unable to locate element: {\...\\n#16 0x556d594200f0 \\u003Cunknown&gt;\\n#17 0x556d5942ff14 \\u003Cunknown&gt;\\n#18 0x7fe2f44d4134 \\u003Cunknown&gt;\\n"}}'}

    def check_response(self, response: Dict[str, Any]) -&gt; None:
        """Checks that a JSON response from the WebDriver does not have an
        error.
    
        :Args:
         - response - The JSON response from the WebDriver server as a dictionary
           object.
    
        :Raises: If the response contains an error message.
        """
        status = response.get("status", None)
        if not status or status == ErrorCode.SUCCESS:
            return
        value = None
        message = response.get("message", "")
        screen: str = response.get("screen", "")
        stacktrace = None
        if isinstance(status, int):
            value_json = response.get("value", None)
            if value_json and isinstance(value_json, str):
                import json
    
                try:
                    value = json.loads(value_json)
                    if len(value) == 1:
                        value = value["value"]
                    status = value.get("error", None)
                    if not status:
                        status = value.get("status", ErrorCode.UNKNOWN_ERROR)
                        message = value.get("value") or value.get("message")
                        if not isinstance(message, str):
                            value = message
                            message = message.get("message")
                    else:
                        message = value.get("message", None)
                except ValueError:
                    pass
    
        exception_class: Type[WebDriverException]
        e = ErrorCode()
        error_codes = [item for item in dir(e) if not item.startswith("__")]
        for error_code in error_codes:
            error_info = getattr(ErrorCode, error_code)
            if isinstance(error_info, list) and status in error_info:
                exception_class = getattr(ExceptionMapping, error_code, WebDriverException)
                break
        else:
            exception_class = WebDriverException
    
        if not value:
            value = response["value"]
        if isinstance(value, str):
            raise exception_class(value)
        if message == "" and "message" in value:
            message = value["message"]
    
        screen = None  # type: ignore[assignment]
        if "screen" in value:
            screen = value["screen"]
    
        stacktrace = None
        st_value = value.get("stackTrace") or value.get("stacktrace")
        if st_value:
            if isinstance(st_value, str):
                stacktrace = st_value.split("\n")
            else:
                stacktrace = []
                try:
                    for frame in st_value:
                        line = frame.get("lineNumber", "")
                        file = frame.get("fileName", "&lt;anonymous&gt;")
                        if line:
                            file = f"{file}:{line}"
                        meth = frame.get("methodName", "&lt;anonymous&gt;")
                        if "className" in frame:
                            meth = f"{frame['className']}.{meth}"
                        msg = "    at %s (%s)"
                        msg = msg % (meth, file)
                        stacktrace.append(msg)
                except TypeError:
                    pass
        if exception_class == UnexpectedAlertPresentException:
            alert_text = None
            if "data" in value:
                alert_text = value["data"].get("text")
            elif "alert" in value:
                alert_text = value["alert"].get("text")
            raise exception_class(message, screen, stacktrace, alert_text)  # type: ignore[call-arg]  # mypy is not smart enough here
&gt;       raise exception_class(message, screen, stacktrace)
E       selenium.common.exceptions.NoSuchElementException: Message: no such element: Unable to locate element: {"method":"css selector","selector":"#dropdown-basic"}
E         (Session info: chrome-headless-shell=124.0.6367.207); For documentation on this error, please visit: https://www.selenium.dev/documentation/webdriver/troubleshooting/errors#no-such-element-exception
E       Stacktrace:
E       #0 0x556d59430dc3 &lt;unknown&gt;
E       #1 0x556d5911f4e7 &lt;unknown&gt;
E       #2 0x556d5916a35d &lt;unknown&gt;
E       #3 0x556d5916a411 &lt;unknown&gt;
E       #4 0x556d591ad774 &lt;unknown&gt;
E       #5 0x556d5918c47d &lt;unknown&gt;
E       #6 0x556d591aac29 &lt;unknown&gt;
E       #7 0x556d5918c1f3 &lt;unknown&gt;
E       #8 0x556d5915d28a &lt;unknown&gt;
E       #9 0x556d5915dc5e &lt;unknown&gt;
E       #10 0x556d593f50eb &lt;unknown&gt;
E       #11 0x556d593f903b &lt;unknown&gt;
E       #12 0x556d593e1201 &lt;unknown&gt;
E       #13 0x556d593f9ba2 &lt;unknown&gt;
E       #14 0x556d593c60bf &lt;unknown&gt;
E       #15 0x556d5941ff18 &lt;unknown&gt;
E       #16 0x556d594200f0 &lt;unknown&gt;
E       #17 0x556d5942ff14 &lt;unknown&gt;
E       #18 0x7fe2f44d4134 &lt;unknown&gt;

/usr/local/lib/python3.9/site-packages/selenium/webdriver/remote/errorhandler.py:229: NoSuchElementException</failure></testcase></testsuite></testsuites>